This file contains any messages produced by compilers while
running configure, to aid debugging if configure makes a mistake.

It was created by souffle configure 1.7.1-857-g206aae9f, which was
generated by GNU Autoconf 2.69.  Invocation command line was

  $ ./configure 

## --------- ##
## Platform. ##
## --------- ##

hostname = siddhant-G3-3579
uname -m = x86_64
uname -r = 5.3.0-53-generic
uname -s = Linux
uname -v = #47~18.04.1-Ubuntu SMP Thu May 7 13:10:50 UTC 2020

/usr/bin/uname -p = unknown
/bin/uname -X     = unknown

/bin/arch              = unknown
/usr/bin/arch -k       = unknown
/usr/convex/getsysinfo = unknown
/usr/bin/hostinfo      = unknown
/bin/machine           = unknown
/usr/bin/oslevel       = unknown
/bin/universe          = unknown

PATH: /home/siddhant/.local/bin
PATH: /usr/local/sbin
PATH: /usr/local/bin
PATH: /usr/sbin
PATH: /usr/bin
PATH: /sbin
PATH: /bin
PATH: /usr/games
PATH: /usr/local/games
PATH: /snap/bin


## ----------- ##
## Core tests. ##
## ----------- ##

configure:2846: checking build system type
configure:2860: result: x86_64-pc-linux-gnu
configure:2880: checking host system type
configure:2893: result: x86_64-pc-linux-gnu
configure:2934: checking how to print strings
configure:2961: result: printf
configure:3033: checking for gcc
configure:3049: found /usr/bin/gcc
configure:3060: result: gcc
configure:3289: checking for C compiler version
configure:3298: gcc --version >&5
gcc (Ubuntu 7.5.0-3ubuntu1~18.04) 7.5.0
Copyright (C) 2017 Free Software Foundation, Inc.
This is free software; see the source for copying conditions.  There is NO
warranty; not even for MERCHANTABILITY or FITNESS FOR A PARTICULAR PURPOSE.

configure:3309: $? = 0
configure:3298: gcc -v >&5
Using built-in specs.
COLLECT_GCC=gcc
COLLECT_LTO_WRAPPER=/usr/lib/gcc/x86_64-linux-gnu/7/lto-wrapper
OFFLOAD_TARGET_NAMES=nvptx-none
OFFLOAD_TARGET_DEFAULT=1
Target: x86_64-linux-gnu
Configured with: ../src/configure -v --with-pkgversion='Ubuntu 7.5.0-3ubuntu1~18.04' --with-bugurl=file:///usr/share/doc/gcc-7/README.Bugs --enable-languages=c,ada,c++,go,brig,d,fortran,objc,obj-c++ --prefix=/usr --with-gcc-major-version-only --program-suffix=-7 --program-prefix=x86_64-linux-gnu- --enable-shared --enable-linker-build-id --libexecdir=/usr/lib --without-included-gettext --enable-threads=posix --libdir=/usr/lib --enable-nls --enable-bootstrap --enable-clocale=gnu --enable-libstdcxx-debug --enable-libstdcxx-time=yes --with-default-libstdcxx-abi=new --enable-gnu-unique-object --disable-vtable-verify --enable-libmpx --enable-plugin --enable-default-pie --with-system-zlib --with-target-system-zlib --enable-objc-gc=auto --enable-multiarch --disable-werror --with-arch-32=i686 --with-abi=m64 --with-multilib-list=m32,m64,mx32 --enable-multilib --with-tune=generic --enable-offload-targets=nvptx-none --without-cuda-driver --enable-checking=release --build=x86_64-linux-gnu --host=x86_64-linux-gnu --target=x86_64-linux-gnu
Thread model: posix
gcc version 7.5.0 (Ubuntu 7.5.0-3ubuntu1~18.04) 
configure:3309: $? = 0
configure:3298: gcc -V >&5
gcc: error: unrecognized command line option '-V'
gcc: fatal error: no input files
compilation terminated.
configure:3309: $? = 1
configure:3298: gcc -qversion >&5
gcc: error: unrecognized command line option '-qversion'; did you mean '--version'?
gcc: fatal error: no input files
compilation terminated.
configure:3309: $? = 1
configure:3329: checking whether the C compiler works
configure:3351: gcc    conftest.c  >&5
configure:3355: $? = 0
configure:3403: result: yes
configure:3406: checking for C compiler default output file name
configure:3408: result: a.out
configure:3414: checking for suffix of executables
configure:3421: gcc -o conftest    conftest.c  >&5
configure:3425: $? = 0
configure:3447: result: 
configure:3469: checking whether we are cross compiling
configure:3477: gcc -o conftest    conftest.c  >&5
configure:3481: $? = 0
configure:3488: ./conftest
configure:3492: $? = 0
configure:3507: result: no
configure:3512: checking for suffix of object files
configure:3534: gcc -c   conftest.c >&5
configure:3538: $? = 0
configure:3559: result: o
configure:3563: checking whether we are using the GNU C compiler
configure:3582: gcc -c   conftest.c >&5
configure:3582: $? = 0
configure:3591: result: yes
configure:3600: checking whether gcc accepts -g
configure:3620: gcc -c -g  conftest.c >&5
configure:3620: $? = 0
configure:3661: result: yes
configure:3678: checking for gcc option to accept ISO C89
configure:3741: gcc  -c -g -O2  conftest.c >&5
configure:3741: $? = 0
configure:3754: result: none needed
configure:3779: checking whether gcc understands -c and -o together
configure:3801: gcc -c conftest.c -o conftest2.o
configure:3804: $? = 0
configure:3801: gcc -c conftest.c -o conftest2.o
configure:3804: $? = 0
configure:3816: result: yes
configure:3833: checking for a sed that does not truncate output
configure:3897: result: /bin/sed
configure:3915: checking for grep that handles long lines and -e
configure:3973: result: /bin/grep
configure:3978: checking for egrep
configure:4040: result: /bin/grep -E
configure:4045: checking for fgrep
configure:4107: result: /bin/grep -F
configure:4142: checking for ld used by gcc
configure:4209: result: /usr/bin/ld
configure:4216: checking if the linker (/usr/bin/ld) is GNU ld
configure:4231: result: yes
configure:4243: checking for BSD- or MS-compatible name lister (nm)
configure:4297: result: /usr/bin/nm -B
configure:4427: checking the name lister (/usr/bin/nm -B) interface
configure:4434: gcc -c -g -O2  conftest.c >&5
configure:4437: /usr/bin/nm -B "conftest.o"
configure:4440: output
0000000000000000 B some_variable
configure:4447: result: BSD nm
configure:4450: checking whether ln -s works
configure:4454: result: yes
configure:4462: checking the maximum length of command line arguments
configure:4593: result: 1572864
configure:4641: checking how to convert x86_64-pc-linux-gnu file names to x86_64-pc-linux-gnu format
configure:4681: result: func_convert_file_noop
configure:4688: checking how to convert x86_64-pc-linux-gnu file names to toolchain format
configure:4708: result: func_convert_file_noop
configure:4715: checking for /usr/bin/ld option to reload object files
configure:4722: result: -r
configure:4796: checking for objdump
configure:4812: found /usr/bin/objdump
configure:4823: result: objdump
configure:4855: checking how to recognize dependent libraries
configure:5055: result: pass_all
configure:5140: checking for dlltool
configure:5170: result: no
configure:5200: checking how to associate runtime and link libraries
configure:5227: result: printf %s\n
configure:5288: checking for ar
configure:5304: found /usr/bin/ar
configure:5315: result: ar
configure:5352: checking for archiver @FILE support
configure:5369: gcc -c -g -O2  conftest.c >&5
configure:5369: $? = 0
configure:5372: ar cru libconftest.a @conftest.lst >&5
ar: `u' modifier ignored since `D' is the default (see `U')
configure:5375: $? = 0
configure:5380: ar cru libconftest.a @conftest.lst >&5
ar: `u' modifier ignored since `D' is the default (see `U')
ar: conftest.o: No such file or directory
configure:5383: $? = 1
configure:5395: result: @
configure:5453: checking for strip
configure:5469: found /usr/bin/strip
configure:5480: result: strip
configure:5552: checking for ranlib
configure:5568: found /usr/bin/ranlib
configure:5579: result: ranlib
configure:5656: checking for gawk
configure:5686: result: no
configure:5656: checking for mawk
configure:5672: found /usr/bin/mawk
configure:5683: result: mawk
configure:5723: checking command to parse /usr/bin/nm -B output from gcc object
configure:5876: gcc -c -g -O2  conftest.c >&5
configure:5879: $? = 0
configure:5883: /usr/bin/nm -B conftest.o \| sed -n -e 's/^.*[ ]\([ABCDGIRSTW][ABCDGIRSTW]*\)[ ][ ]*\([_A-Za-z][_A-Za-z0-9]*\)$/\1 \2 \2/p' | sed '/ __gnu_lto/d' \> conftest.nm
configure:5886: $? = 0
configure:5952: gcc -o conftest -g -O2   conftest.c conftstm.o >&5
configure:5955: $? = 0
configure:5993: result: ok
configure:6040: checking for sysroot
configure:6070: result: no
configure:6077: checking for a working dd
configure:6115: result: /bin/dd
configure:6119: checking how to truncate binary pipes
configure:6134: result: /bin/dd bs=4096 count=1
configure:6270: gcc -c -g -O2  conftest.c >&5
configure:6273: $? = 0
configure:6463: checking for mt
configure:6479: found /bin/mt
configure:6490: result: mt
configure:6513: checking if mt is a manifest tool
configure:6519: mt '-?'
configure:6527: result: no
configure:7204: checking how to run the C preprocessor
configure:7235: gcc -E  conftest.c
configure:7235: $? = 0
configure:7249: gcc -E  conftest.c
conftest.c:9:10: fatal error: ac_nonexistent.h: No such file or directory
 #include <ac_nonexistent.h>
          ^~~~~~~~~~~~~~~~~~
compilation terminated.
configure:7249: $? = 1
configure: failed program was:
| /* confdefs.h */
| #define PACKAGE_NAME "souffle"
| #define PACKAGE_TARNAME "souffle"
| #define PACKAGE_VERSION "1.7.1-857-g206aae9f"
| #define PACKAGE_STRING "souffle 1.7.1-857-g206aae9f"
| #define PACKAGE_BUGREPORT "souffle-talk@googlegroups.com"
| #define PACKAGE_URL ""
| /* end confdefs.h.  */
| #include <ac_nonexistent.h>
configure:7274: result: gcc -E
configure:7294: gcc -E  conftest.c
configure:7294: $? = 0
configure:7308: gcc -E  conftest.c
conftest.c:9:10: fatal error: ac_nonexistent.h: No such file or directory
 #include <ac_nonexistent.h>
          ^~~~~~~~~~~~~~~~~~
compilation terminated.
configure:7308: $? = 1
configure: failed program was:
| /* confdefs.h */
| #define PACKAGE_NAME "souffle"
| #define PACKAGE_TARNAME "souffle"
| #define PACKAGE_VERSION "1.7.1-857-g206aae9f"
| #define PACKAGE_STRING "souffle 1.7.1-857-g206aae9f"
| #define PACKAGE_BUGREPORT "souffle-talk@googlegroups.com"
| #define PACKAGE_URL ""
| /* end confdefs.h.  */
| #include <ac_nonexistent.h>
configure:7337: checking for ANSI C header files
configure:7357: gcc -c -g -O2  conftest.c >&5
configure:7357: $? = 0
configure:7430: gcc -o conftest -g -O2   conftest.c  >&5
configure:7430: $? = 0
configure:7430: ./conftest
configure:7430: $? = 0
configure:7441: result: yes
configure:7454: checking for sys/types.h
configure:7454: gcc -c -g -O2  conftest.c >&5
configure:7454: $? = 0
configure:7454: result: yes
configure:7454: checking for sys/stat.h
configure:7454: gcc -c -g -O2  conftest.c >&5
configure:7454: $? = 0
configure:7454: result: yes
configure:7454: checking for stdlib.h
configure:7454: gcc -c -g -O2  conftest.c >&5
configure:7454: $? = 0
configure:7454: result: yes
configure:7454: checking for string.h
configure:7454: gcc -c -g -O2  conftest.c >&5
configure:7454: $? = 0
configure:7454: result: yes
configure:7454: checking for memory.h
configure:7454: gcc -c -g -O2  conftest.c >&5
configure:7454: $? = 0
configure:7454: result: yes
configure:7454: checking for strings.h
configure:7454: gcc -c -g -O2  conftest.c >&5
configure:7454: $? = 0
configure:7454: result: yes
configure:7454: checking for inttypes.h
configure:7454: gcc -c -g -O2  conftest.c >&5
configure:7454: $? = 0
configure:7454: result: yes
configure:7454: checking for stdint.h
configure:7454: gcc -c -g -O2  conftest.c >&5
configure:7454: $? = 0
configure:7454: result: yes
configure:7454: checking for unistd.h
configure:7454: gcc -c -g -O2  conftest.c >&5
configure:7454: $? = 0
configure:7454: result: yes
configure:7468: checking for dlfcn.h
configure:7468: gcc -c -g -O2  conftest.c >&5
configure:7468: $? = 0
configure:7468: result: yes
configure:7723: checking for objdir
configure:7738: result: .libs
configure:8002: checking if gcc supports -fno-rtti -fno-exceptions
configure:8020: gcc -c -g -O2  -fno-rtti -fno-exceptions conftest.c >&5
cc1: warning: command line option '-fno-rtti' is valid for C++/ObjC++ but not for C
configure:8024: $? = 0
configure:8037: result: no
configure:8395: checking for gcc option to produce PIC
configure:8402: result: -fPIC -DPIC
configure:8410: checking if gcc PIC flag -fPIC -DPIC works
configure:8428: gcc -c -g -O2  -fPIC -DPIC -DPIC conftest.c >&5
configure:8432: $? = 0
configure:8445: result: yes
configure:8474: checking if gcc static flag -static works
configure:8502: result: yes
configure:8517: checking if gcc supports -c -o file.o
configure:8538: gcc -c -g -O2  -o out/conftest2.o conftest.c >&5
configure:8542: $? = 0
configure:8564: result: yes
configure:8572: checking if gcc supports -c -o file.o
configure:8619: result: yes
configure:8652: checking whether the gcc linker (/usr/bin/ld -m elf_x86_64) supports shared libraries
configure:9915: result: yes
configure:9952: checking whether -lc should be explicitly linked in
configure:9960: gcc -c -g -O2  conftest.c >&5
configure:9963: $? = 0
configure:9978: gcc -shared  -fPIC -DPIC conftest.o  -v -Wl,-soname -Wl,conftest -o conftest 2\>\&1 \| /bin/grep  -lc  \>/dev/null 2\>\&1
configure:9981: $? = 0
configure:9995: result: no
configure:10155: checking dynamic linker characteristics
configure:10736: gcc -o conftest -g -O2   -Wl,-rpath -Wl,/foo conftest.c  >&5
configure:10736: $? = 0
configure:10985: result: GNU/Linux ld.so
configure:11107: checking how to hardcode library paths into programs
configure:11132: result: immediate
configure:11234: checking for shl_load
configure:11234: gcc -o conftest -g -O2   conftest.c  >&5
/tmp/cckPL9ey.o: In function `main':
/home/siddhant/Desktop/Souffle/souffle-adt/conftest.c:55: undefined reference to `shl_load'
collect2: error: ld returned 1 exit status
configure:11234: $? = 1
configure: failed program was:
| /* confdefs.h */
| #define PACKAGE_NAME "souffle"
| #define PACKAGE_TARNAME "souffle"
| #define PACKAGE_VERSION "1.7.1-857-g206aae9f"
| #define PACKAGE_STRING "souffle 1.7.1-857-g206aae9f"
| #define PACKAGE_BUGREPORT "souffle-talk@googlegroups.com"
| #define PACKAGE_URL ""
| #define STDC_HEADERS 1
| #define HAVE_SYS_TYPES_H 1
| #define HAVE_SYS_STAT_H 1
| #define HAVE_STDLIB_H 1
| #define HAVE_STRING_H 1
| #define HAVE_MEMORY_H 1
| #define HAVE_STRINGS_H 1
| #define HAVE_INTTYPES_H 1
| #define HAVE_STDINT_H 1
| #define HAVE_UNISTD_H 1
| #define HAVE_DLFCN_H 1
| #define LT_OBJDIR ".libs/"
| /* end confdefs.h.  */
| /* Define shl_load to an innocuous variant, in case <limits.h> declares shl_load.
|    For example, HP-UX 11i <limits.h> declares gettimeofday.  */
| #define shl_load innocuous_shl_load
| 
| /* System header to define __stub macros and hopefully few prototypes,
|     which can conflict with char shl_load (); below.
|     Prefer <limits.h> to <assert.h> if __STDC__ is defined, since
|     <limits.h> exists even on freestanding compilers.  */
| 
| #ifdef __STDC__
| # include <limits.h>
| #else
| # include <assert.h>
| #endif
| 
| #undef shl_load
| 
| /* Override any GCC internal prototype to avoid an error.
|    Use char because int might match the return type of a GCC
|    builtin and then its argument prototype would still apply.  */
| #ifdef __cplusplus
| extern "C"
| #endif
| char shl_load ();
| /* The GNU C library defines this for functions which it implements
|     to always fail with ENOSYS.  Some functions are actually named
|     something starting with __ and the normal name is an alias.  */
| #if defined __stub_shl_load || defined __stub___shl_load
| choke me
| #endif
| 
| int
| main ()
| {
| return shl_load ();
|   ;
|   return 0;
| }
configure:11234: result: no
configure:11238: checking for shl_load in -ldld
configure:11263: gcc -o conftest -g -O2   conftest.c -ldld   >&5
/usr/bin/ld: cannot find -ldld
collect2: error: ld returned 1 exit status
configure:11263: $? = 1
configure: failed program was:
| /* confdefs.h */
| #define PACKAGE_NAME "souffle"
| #define PACKAGE_TARNAME "souffle"
| #define PACKAGE_VERSION "1.7.1-857-g206aae9f"
| #define PACKAGE_STRING "souffle 1.7.1-857-g206aae9f"
| #define PACKAGE_BUGREPORT "souffle-talk@googlegroups.com"
| #define PACKAGE_URL ""
| #define STDC_HEADERS 1
| #define HAVE_SYS_TYPES_H 1
| #define HAVE_SYS_STAT_H 1
| #define HAVE_STDLIB_H 1
| #define HAVE_STRING_H 1
| #define HAVE_MEMORY_H 1
| #define HAVE_STRINGS_H 1
| #define HAVE_INTTYPES_H 1
| #define HAVE_STDINT_H 1
| #define HAVE_UNISTD_H 1
| #define HAVE_DLFCN_H 1
| #define LT_OBJDIR ".libs/"
| /* end confdefs.h.  */
| 
| /* Override any GCC internal prototype to avoid an error.
|    Use char because int might match the return type of a GCC
|    builtin and then its argument prototype would still apply.  */
| #ifdef __cplusplus
| extern "C"
| #endif
| char shl_load ();
| int
| main ()
| {
| return shl_load ();
|   ;
|   return 0;
| }
configure:11272: result: no
configure:11277: checking for dlopen
configure:11277: gcc -o conftest -g -O2   conftest.c  >&5
/tmp/ccQ3wuXL.o: In function `main':
/home/siddhant/Desktop/Souffle/souffle-adt/conftest.c:55: undefined reference to `dlopen'
collect2: error: ld returned 1 exit status
configure:11277: $? = 1
configure: failed program was:
| /* confdefs.h */
| #define PACKAGE_NAME "souffle"
| #define PACKAGE_TARNAME "souffle"
| #define PACKAGE_VERSION "1.7.1-857-g206aae9f"
| #define PACKAGE_STRING "souffle 1.7.1-857-g206aae9f"
| #define PACKAGE_BUGREPORT "souffle-talk@googlegroups.com"
| #define PACKAGE_URL ""
| #define STDC_HEADERS 1
| #define HAVE_SYS_TYPES_H 1
| #define HAVE_SYS_STAT_H 1
| #define HAVE_STDLIB_H 1
| #define HAVE_STRING_H 1
| #define HAVE_MEMORY_H 1
| #define HAVE_STRINGS_H 1
| #define HAVE_INTTYPES_H 1
| #define HAVE_STDINT_H 1
| #define HAVE_UNISTD_H 1
| #define HAVE_DLFCN_H 1
| #define LT_OBJDIR ".libs/"
| /* end confdefs.h.  */
| /* Define dlopen to an innocuous variant, in case <limits.h> declares dlopen.
|    For example, HP-UX 11i <limits.h> declares gettimeofday.  */
| #define dlopen innocuous_dlopen
| 
| /* System header to define __stub macros and hopefully few prototypes,
|     which can conflict with char dlopen (); below.
|     Prefer <limits.h> to <assert.h> if __STDC__ is defined, since
|     <limits.h> exists even on freestanding compilers.  */
| 
| #ifdef __STDC__
| # include <limits.h>
| #else
| # include <assert.h>
| #endif
| 
| #undef dlopen
| 
| /* Override any GCC internal prototype to avoid an error.
|    Use char because int might match the return type of a GCC
|    builtin and then its argument prototype would still apply.  */
| #ifdef __cplusplus
| extern "C"
| #endif
| char dlopen ();
| /* The GNU C library defines this for functions which it implements
|     to always fail with ENOSYS.  Some functions are actually named
|     something starting with __ and the normal name is an alias.  */
| #if defined __stub_dlopen || defined __stub___dlopen
| choke me
| #endif
| 
| int
| main ()
| {
| return dlopen ();
|   ;
|   return 0;
| }
configure:11277: result: no
configure:11281: checking for dlopen in -ldl
configure:11306: gcc -o conftest -g -O2   conftest.c -ldl   >&5
configure:11306: $? = 0
configure:11315: result: yes
configure:11434: checking whether a program can dlopen itself
configure:11514: gcc -o conftest -g -O2  -DHAVE_DLFCN_H  -Wl,--export-dynamic conftest.c -ldl  >&5
configure:11517: $? = 0
configure:11535: result: yes
configure:11540: checking whether a statically linked program can dlopen itself
configure:11620: gcc -o conftest -g -O2  -DHAVE_DLFCN_H  -Wl,--export-dynamic -static conftest.c -ldl  >&5
/tmp/cczGE9AT.o: In function `main':
/home/siddhant/Desktop/Souffle/souffle-adt/configure:11599: warning: Using 'dlopen' in statically linked applications requires at runtime the shared libraries from the glibc version used for linking
configure:11623: $? = 0
conftest: undefined symbol: _fnord
configure:11641: result: no
configure:11680: checking whether stripping libraries is possible
configure:11685: result: yes
configure:11720: checking if libtool supports shared libraries
configure:11722: result: yes
configure:11725: checking whether to build shared libraries
configure:11750: result: yes
configure:11753: checking whether to build static libraries
configure:11757: result: yes
configure:11795: checking target system type
configure:11808: result: x86_64-pc-linux-gnu
configure:11853: checking for a BSD-compatible install
configure:11921: result: /usr/bin/install -c
configure:11932: checking whether build environment is sane
configure:11987: result: yes
configure:12135: checking for a thread-safe mkdir -p
configure:12174: result: /bin/mkdir -p
configure:12177: checking whether make sets $(MAKE)
configure:12199: result: yes
configure:12229: checking for style of include used by make
configure:12257: result: GNU
configure:12291: checking whether make supports nested variables
configure:12308: result: yes
configure:12387: checking how to create a pax tar archive
configure:12398: tar --version
tar (GNU tar) 1.29
Copyright (C) 2015 Free Software Foundation, Inc.
License GPLv3+: GNU GPL version 3 or later <http://gnu.org/licenses/gpl.html>.
This is free software: you are free to change and redistribute it.
There is NO WARRANTY, to the extent permitted by law.

Written by John Gilmore and Jay Fenlason.
configure:12401: $? = 0
configure:12441: tardir=conftest.dir && eval tar --format=posix -chf - "$tardir" >conftest.tar
configure:12444: $? = 0
configure:12448: tar -xf - <conftest.tar
configure:12451: $? = 0
configure:12453: cat conftest.dir/file
GrepMe
configure:12456: $? = 0
configure:12469: result: gnutar
configure:12478: checking dependency style of gcc
configure:12589: result: gcc3
configure:12648: checking whether to enable maintainer-specific portions of Makefiles
configure:12657: result: no
configure:12701: checking for working ncursesw
configure:12718: gcc -o conftest -g -O2   conftest.c  -lncursesw >&5
/usr/bin/ld: cannot find -lncursesw
collect2: error: ld returned 1 exit status
configure:12718: $? = 1
configure: failed program was:
| /* confdefs.h */
| #define PACKAGE_NAME "souffle"
| #define PACKAGE_TARNAME "souffle"
| #define PACKAGE_VERSION "1.7.1-857-g206aae9f"
| #define PACKAGE_STRING "souffle 1.7.1-857-g206aae9f"
| #define PACKAGE_BUGREPORT "souffle-talk@googlegroups.com"
| #define PACKAGE_URL ""
| #define STDC_HEADERS 1
| #define HAVE_SYS_TYPES_H 1
| #define HAVE_SYS_STAT_H 1
| #define HAVE_STDLIB_H 1
| #define HAVE_STRING_H 1
| #define HAVE_MEMORY_H 1
| #define HAVE_STRINGS_H 1
| #define HAVE_INTTYPES_H 1
| #define HAVE_STDINT_H 1
| #define HAVE_UNISTD_H 1
| #define HAVE_DLFCN_H 1
| #define LT_OBJDIR ".libs/"
| #define PACKAGE "souffle"
| #define VERSION "1.7.1-857-g206aae9f"
| /* end confdefs.h.  */
| #include <ncurses.h>
| int
| main ()
| {
| chtype a; int b=A_STANDOUT, c=KEY_LEFT; initscr();
|   ;
|   return 0;
| }
configure:12726: result: no
configure:12751: checking for working ncurses
configure:12768: gcc -o conftest -g -O2   conftest.c  -lncurses >&5
configure:12768: $? = 0
configure:12776: result: yes
configure:13090: checking for g++
configure:13106: found /usr/bin/g++
configure:13117: result: g++
configure:13144: checking for C++ compiler version
configure:13153: g++ --version >&5
g++ (Ubuntu 7.5.0-3ubuntu1~18.04) 7.5.0
Copyright (C) 2017 Free Software Foundation, Inc.
This is free software; see the source for copying conditions.  There is NO
warranty; not even for MERCHANTABILITY or FITNESS FOR A PARTICULAR PURPOSE.

configure:13164: $? = 0
configure:13153: g++ -v >&5
Using built-in specs.
COLLECT_GCC=g++
COLLECT_LTO_WRAPPER=/usr/lib/gcc/x86_64-linux-gnu/7/lto-wrapper
OFFLOAD_TARGET_NAMES=nvptx-none
OFFLOAD_TARGET_DEFAULT=1
Target: x86_64-linux-gnu
Configured with: ../src/configure -v --with-pkgversion='Ubuntu 7.5.0-3ubuntu1~18.04' --with-bugurl=file:///usr/share/doc/gcc-7/README.Bugs --enable-languages=c,ada,c++,go,brig,d,fortran,objc,obj-c++ --prefix=/usr --with-gcc-major-version-only --program-suffix=-7 --program-prefix=x86_64-linux-gnu- --enable-shared --enable-linker-build-id --libexecdir=/usr/lib --without-included-gettext --enable-threads=posix --libdir=/usr/lib --enable-nls --enable-bootstrap --enable-clocale=gnu --enable-libstdcxx-debug --enable-libstdcxx-time=yes --with-default-libstdcxx-abi=new --enable-gnu-unique-object --disable-vtable-verify --enable-libmpx --enable-plugin --enable-default-pie --with-system-zlib --with-target-system-zlib --enable-objc-gc=auto --enable-multiarch --disable-werror --with-arch-32=i686 --with-abi=m64 --with-multilib-list=m32,m64,mx32 --enable-multilib --with-tune=generic --enable-offload-targets=nvptx-none --without-cuda-driver --enable-checking=release --build=x86_64-linux-gnu --host=x86_64-linux-gnu --target=x86_64-linux-gnu
Thread model: posix
gcc version 7.5.0 (Ubuntu 7.5.0-3ubuntu1~18.04) 
configure:13164: $? = 0
configure:13153: g++ -V >&5
g++: error: unrecognized command line option '-V'
g++: fatal error: no input files
compilation terminated.
configure:13164: $? = 1
configure:13153: g++ -qversion >&5
g++: error: unrecognized command line option '-qversion'; did you mean '--version'?
g++: fatal error: no input files
compilation terminated.
configure:13164: $? = 1
configure:13168: checking whether we are using the GNU C++ compiler
configure:13187: g++ -c  -Wall  -DUSE_NCURSES  -O3  conftest.cpp >&5
configure:13187: $? = 0
configure:13196: result: yes
configure:13205: checking whether g++ accepts -g
configure:13225: g++ -c -g  conftest.cpp >&5
configure:13225: $? = 0
configure:13266: result: yes
configure:13307: checking how to run the C++ preprocessor
configure:13334: g++ -E  conftest.cpp
configure:13334: $? = 0
configure:13348: g++ -E  conftest.cpp
conftest.cpp:24:10: fatal error: ac_nonexistent.h: No such file or directory
 #include <ac_nonexistent.h>
          ^~~~~~~~~~~~~~~~~~
compilation terminated.
configure:13348: $? = 1
configure: failed program was:
| /* confdefs.h */
| #define PACKAGE_NAME "souffle"
| #define PACKAGE_TARNAME "souffle"
| #define PACKAGE_VERSION "1.7.1-857-g206aae9f"
| #define PACKAGE_STRING "souffle 1.7.1-857-g206aae9f"
| #define PACKAGE_BUGREPORT "souffle-talk@googlegroups.com"
| #define PACKAGE_URL ""
| #define STDC_HEADERS 1
| #define HAVE_SYS_TYPES_H 1
| #define HAVE_SYS_STAT_H 1
| #define HAVE_STDLIB_H 1
| #define HAVE_STRING_H 1
| #define HAVE_MEMORY_H 1
| #define HAVE_STRINGS_H 1
| #define HAVE_INTTYPES_H 1
| #define HAVE_STDINT_H 1
| #define HAVE_UNISTD_H 1
| #define HAVE_DLFCN_H 1
| #define LT_OBJDIR ".libs/"
| #define PACKAGE "souffle"
| #define VERSION "1.7.1-857-g206aae9f"
| #define HAVE_NCURSES_H 1
| /* end confdefs.h.  */
| #include <ac_nonexistent.h>
configure:13373: result: g++ -E
configure:13393: g++ -E  conftest.cpp
configure:13393: $? = 0
configure:13407: g++ -E  conftest.cpp
conftest.cpp:24:10: fatal error: ac_nonexistent.h: No such file or directory
 #include <ac_nonexistent.h>
          ^~~~~~~~~~~~~~~~~~
compilation terminated.
configure:13407: $? = 1
configure: failed program was:
| /* confdefs.h */
| #define PACKAGE_NAME "souffle"
| #define PACKAGE_TARNAME "souffle"
| #define PACKAGE_VERSION "1.7.1-857-g206aae9f"
| #define PACKAGE_STRING "souffle 1.7.1-857-g206aae9f"
| #define PACKAGE_BUGREPORT "souffle-talk@googlegroups.com"
| #define PACKAGE_URL ""
| #define STDC_HEADERS 1
| #define HAVE_SYS_TYPES_H 1
| #define HAVE_SYS_STAT_H 1
| #define HAVE_STDLIB_H 1
| #define HAVE_STRING_H 1
| #define HAVE_MEMORY_H 1
| #define HAVE_STRINGS_H 1
| #define HAVE_INTTYPES_H 1
| #define HAVE_STDINT_H 1
| #define HAVE_UNISTD_H 1
| #define HAVE_DLFCN_H 1
| #define LT_OBJDIR ".libs/"
| #define PACKAGE "souffle"
| #define VERSION "1.7.1-857-g206aae9f"
| #define HAVE_NCURSES_H 1
| /* end confdefs.h.  */
| #include <ac_nonexistent.h>
configure:13569: checking for ld used by g++
configure:13636: result: /usr/bin/ld -m elf_x86_64
configure:13643: checking if the linker (/usr/bin/ld -m elf_x86_64) is GNU ld
configure:13658: result: yes
configure:13713: checking whether the g++ linker (/usr/bin/ld -m elf_x86_64) supports shared libraries
configure:14786: result: yes
configure:14822: g++ -c  -Wall  -DUSE_NCURSES  -O3  conftest.cpp >&5
configure:14825: $? = 0
configure:15306: checking for g++ option to produce PIC
configure:15313: result: -fPIC -DPIC
configure:15321: checking if g++ PIC flag -fPIC -DPIC works
configure:15339: g++ -c  -Wall  -DUSE_NCURSES  -O3  -fPIC -DPIC -DPIC conftest.cpp >&5
configure:15343: $? = 0
configure:15356: result: yes
configure:15379: checking if g++ static flag -static works
configure:15407: result: yes
configure:15419: checking if g++ supports -c -o file.o
configure:15440: g++ -c  -Wall  -DUSE_NCURSES  -O3  -o out/conftest2.o conftest.cpp >&5
configure:15444: $? = 0
configure:15466: result: yes
configure:15471: checking if g++ supports -c -o file.o
configure:15518: result: yes
configure:15548: checking whether the g++ linker (/usr/bin/ld -m elf_x86_64) supports shared libraries
configure:15591: result: yes
configure:15732: checking dynamic linker characteristics
configure:16489: result: GNU/Linux ld.so
configure:16554: checking how to hardcode library paths into programs
configure:16579: result: immediate
configure:16621: checking dependency style of g++
configure:16732: result: gcc3
configure:16761: checking whether g++ supports C++17 features with -std=c++17
configure:17557: g++ -std=c++17 -c  -Wall  -DUSE_NCURSES  -O3  conftest.cpp >&5
configure:17557: $? = 0
configure:17566: result: yes
configure:17607: checking whether make sets $(MAKE)
configure:17629: result: yes
configure:17748: checking for doxygen
configure:17781: result: no
configure:17801: WARNING: doxygen not found - will not generate any doxygen documentation
configure:17854: checking for perl
configure:17872: found /usr/bin/perl
configure:17884: result: /usr/bin/perl
configure:19482: checking for flex
configure:19498: found /usr/bin/flex
configure:19509: result: flex
configure:19524: checking for mcpp
configure:19540: found /usr/bin/mcpp
configure:19551: result: mcpp
configure:19566: checking for bison
configure:19582: found /usr/bin/bison
configure:19593: result: bison
configure:19612: checking for bison version
configure:19621: result: 3.0.4
configure:19702: checking zlib.h usability
configure:19702: g++ -std=c++17 -c  -Wall  -DUSE_NCURSES  -O3  conftest.cpp >&5
configure:19702: $? = 0
configure:19702: result: yes
configure:19702: checking zlib.h presence
configure:19702: g++ -E -std=c++17  conftest.cpp
configure:19702: $? = 0
configure:19702: result: yes
configure:19702: checking for zlib.h
configure:19702: result: yes
configure:19710: checking for compress in -lz
configure:19735: g++ -std=c++17 -o conftest  -Wall  -DUSE_NCURSES  -O3   conftest.cpp -lz  -lncurses >&5
configure:19735: $? = 0
configure:19744: result: yes
configure:19777: checking sqlite3.h usability
configure:19777: g++ -std=c++17 -c  -Wall  -DUSE_NCURSES  -O3 -DUSE_LIBZ   conftest.cpp >&5
configure:19777: $? = 0
configure:19777: result: yes
configure:19777: checking sqlite3.h presence
configure:19777: g++ -E -std=c++17  conftest.cpp
configure:19777: $? = 0
configure:19777: result: yes
configure:19777: checking for sqlite3.h
configure:19777: result: yes
configure:19785: checking for sqlite3_open in -lsqlite3
configure:19810: g++ -std=c++17 -o conftest  -Wall  -DUSE_NCURSES  -O3 -DUSE_LIBZ    conftest.cpp -lsqlite3  -lz -lncurses >&5
configure:19810: $? = 0
configure:19819: result: yes
configure:20507: checking for pkg-config
configure:20525: found /usr/bin/pkg-config
configure:20537: result: /usr/bin/pkg-config
configure:20562: checking pkg-config is at least version 0.9.0
configure:20565: result: yes
configure:20575: checking for FFI
configure:20582: $PKG_CONFIG --exists --print-errors "libffi"
configure:20585: $? = 0
configure:20599: $PKG_CONFIG --exists --print-errors "libffi"
configure:20602: $? = 0
configure:20660: result: yes
configure:20665: checking for pthread_create in -lpthread
configure:20690: g++ -std=c++17 -o conftest  -Wall  -DUSE_NCURSES  -O3 -DUSE_LIBZ  -DUSE_SQLITE    conftest.cpp -lpthread  -lsqlite3 -lz -lncurses >&5
configure:20690: $? = 0
configure:20699: result: yes
configure:20713: checking for dlopen in -ldl
configure:20747: result: yes
configure:20769: checking for g++ -std=c++17 option to support OpenMP
configure:20784: g++ -std=c++17 -o conftest  -Wall  -DUSE_NCURSES  -O3 -DUSE_LIBZ  -DUSE_SQLITE    conftest.cpp -ldl -lpthread -lsqlite3 -lz -lncurses >&5
conftest.cpp:31:2: error: 'choke' does not name a type
  choke me
  ^~~~~
In file included from conftest.cpp:33:0:
/usr/lib/gcc/x86_64-linux-gnu/7/include/omp.h:39:3: error: 'omp_lock_t' does not name a type
 } omp_lock_t;
   ^~~~~~~~~~
/usr/lib/gcc/x86_64-linux-gnu/7/include/omp.h:100:28: error: variable or field 'omp_init_lock' declared void
 extern void omp_init_lock (omp_lock_t *) __GOMP_NOTHROW;
                            ^~~~~~~~~~
/usr/lib/gcc/x86_64-linux-gnu/7/include/omp.h:100:28: error: 'omp_lock_t' was not declared in this scope
/usr/lib/gcc/x86_64-linux-gnu/7/include/omp.h:100:28: note: suggested alternative: 'omp_lock_hint_t'
 extern void omp_init_lock (omp_lock_t *) __GOMP_NOTHROW;
                            ^~~~~~~~~~
                            omp_lock_hint_t
/usr/lib/gcc/x86_64-linux-gnu/7/include/omp.h:100:40: error: expected primary-expression before ')' token
 extern void omp_init_lock (omp_lock_t *) __GOMP_NOTHROW;
                                        ^
/usr/lib/gcc/x86_64-linux-gnu/7/include/omp.h:101:38: error: variable or field 'omp_init_lock_with_hint' declared void
 extern void omp_init_lock_with_hint (omp_lock_t *, omp_lock_hint_t)
                                      ^~~~~~~~~~
/usr/lib/gcc/x86_64-linux-gnu/7/include/omp.h:101:38: error: 'omp_lock_t' was not declared in this scope
/usr/lib/gcc/x86_64-linux-gnu/7/include/omp.h:101:38: note: suggested alternative: 'omp_lock_hint_t'
 extern void omp_init_lock_with_hint (omp_lock_t *, omp_lock_hint_t)
                                      ^~~~~~~~~~
                                      omp_lock_hint_t
/usr/lib/gcc/x86_64-linux-gnu/7/include/omp.h:101:50: error: expected primary-expression before ',' token
 extern void omp_init_lock_with_hint (omp_lock_t *, omp_lock_hint_t)
                                                  ^
/usr/lib/gcc/x86_64-linux-gnu/7/include/omp.h:101:67: error: expected primary-expression before ')' token
 extern void omp_init_lock_with_hint (omp_lock_t *, omp_lock_hint_t)
                                                                   ^
/usr/lib/gcc/x86_64-linux-gnu/7/include/omp.h:103:31: error: variable or field 'omp_destroy_lock' declared void
 extern void omp_destroy_lock (omp_lock_t *) __GOMP_NOTHROW;
                               ^~~~~~~~~~
/usr/lib/gcc/x86_64-linux-gnu/7/include/omp.h:103:31: error: 'omp_lock_t' was not declared in this scope
/usr/lib/gcc/x86_64-linux-gnu/7/include/omp.h:103:31: note: suggested alternative: 'omp_lock_hint_t'
 extern void omp_destroy_lock (omp_lock_t *) __GOMP_NOTHROW;
                               ^~~~~~~~~~
                               omp_lock_hint_t
/usr/lib/gcc/x86_64-linux-gnu/7/include/omp.h:103:43: error: expected primary-expression before ')' token
 extern void omp_destroy_lock (omp_lock_t *) __GOMP_NOTHROW;
                                           ^
/usr/lib/gcc/x86_64-linux-gnu/7/include/omp.h:104:27: error: variable or field 'omp_set_lock' declared void
 extern void omp_set_lock (omp_lock_t *) __GOMP_NOTHROW;
                           ^~~~~~~~~~
/usr/lib/gcc/x86_64-linux-gnu/7/include/omp.h:104:27: error: 'omp_lock_t' was not declared in this scope
/usr/lib/gcc/x86_64-linux-gnu/7/include/omp.h:104:27: note: suggested alternative: 'omp_lock_hint_t'
 extern void omp_set_lock (omp_lock_t *) __GOMP_NOTHROW;
                           ^~~~~~~~~~
                           omp_lock_hint_t
/usr/lib/gcc/x86_64-linux-gnu/7/include/omp.h:104:39: error: expected primary-expression before ')' token
 extern void omp_set_lock (omp_lock_t *) __GOMP_NOTHROW;
                                       ^
/usr/lib/gcc/x86_64-linux-gnu/7/include/omp.h:105:29: error: variable or field 'omp_unset_lock' declared void
 extern void omp_unset_lock (omp_lock_t *) __GOMP_NOTHROW;
                             ^~~~~~~~~~
/usr/lib/gcc/x86_64-linux-gnu/7/include/omp.h:105:29: error: 'omp_lock_t' was not declared in this scope
/usr/lib/gcc/x86_64-linux-gnu/7/include/omp.h:105:29: note: suggested alternative: 'omp_lock_hint_t'
 extern void omp_unset_lock (omp_lock_t *) __GOMP_NOTHROW;
                             ^~~~~~~~~~
                             omp_lock_hint_t
/usr/lib/gcc/x86_64-linux-gnu/7/include/omp.h:105:41: error: expected primary-expression before ')' token
 extern void omp_unset_lock (omp_lock_t *) __GOMP_NOTHROW;
                                         ^
/usr/lib/gcc/x86_64-linux-gnu/7/include/omp.h:106:27: error: 'omp_lock_t' was not declared in this scope
 extern int omp_test_lock (omp_lock_t *) __GOMP_NOTHROW;
                           ^~~~~~~~~~
/usr/lib/gcc/x86_64-linux-gnu/7/include/omp.h:106:27: note: suggested alternative: 'omp_lock_hint_t'
 extern int omp_test_lock (omp_lock_t *) __GOMP_NOTHROW;
                           ^~~~~~~~~~
                           omp_lock_hint_t
/usr/lib/gcc/x86_64-linux-gnu/7/include/omp.h:106:39: error: expected primary-expression before ')' token
 extern int omp_test_lock (omp_lock_t *) __GOMP_NOTHROW;
                                       ^
configure:20784: $? = 1
configure: failed program was:
| /* confdefs.h */
| #define PACKAGE_NAME "souffle"
| #define PACKAGE_TARNAME "souffle"
| #define PACKAGE_VERSION "1.7.1-857-g206aae9f"
| #define PACKAGE_STRING "souffle 1.7.1-857-g206aae9f"
| #define PACKAGE_BUGREPORT "souffle-talk@googlegroups.com"
| #define PACKAGE_URL ""
| #define STDC_HEADERS 1
| #define HAVE_SYS_TYPES_H 1
| #define HAVE_SYS_STAT_H 1
| #define HAVE_STDLIB_H 1
| #define HAVE_STRING_H 1
| #define HAVE_MEMORY_H 1
| #define HAVE_STRINGS_H 1
| #define HAVE_INTTYPES_H 1
| #define HAVE_STDINT_H 1
| #define HAVE_UNISTD_H 1
| #define HAVE_DLFCN_H 1
| #define LT_OBJDIR ".libs/"
| #define PACKAGE "souffle"
| #define VERSION "1.7.1-857-g206aae9f"
| #define HAVE_NCURSES_H 1
| #define HAVE_CXX17 1
| #define HAVE_LIBZ 1
| #define HAVE_LIBSQLITE3 1
| #define HAVE_LIBPTHREAD 1
| #define HAVE_LIBDL 1
| /* end confdefs.h.  */
| 
| #ifndef _OPENMP
|  choke me
| #endif
| #include <omp.h>
| int main () { return omp_get_num_threads (); }
| 
configure:20802: g++ -std=c++17 -o conftest  -Wall  -DUSE_NCURSES  -O3 -DUSE_LIBZ  -DUSE_SQLITE  -fopenmp   conftest.cpp -ldl -lpthread -lsqlite3 -lz -lncurses >&5
configure:20802: $? = 0
configure:20816: result: -fopenmp
configure:20828: checking for target cpu
configure:20973: checking for size_t
configure:20973: g++ -std=c++17 -c  -Wall  -DUSE_NCURSES  -O3 -DUSE_LIBZ  -DUSE_SQLITE  -fopenmp   conftest.cpp >&5
configure:20973: $? = 0
configure:20973: g++ -std=c++17 -c  -Wall  -DUSE_NCURSES  -O3 -DUSE_LIBZ  -DUSE_SQLITE  -fopenmp   conftest.cpp >&5
conftest.cpp: In function 'int main()':
conftest.cpp:65:20: error: expected primary-expression before ')' token
 if (sizeof ((size_t)))
                    ^
configure:20973: $? = 1
configure: failed program was:
| /* confdefs.h */
| #define PACKAGE_NAME "souffle"
| #define PACKAGE_TARNAME "souffle"
| #define PACKAGE_VERSION "1.7.1-857-g206aae9f"
| #define PACKAGE_STRING "souffle 1.7.1-857-g206aae9f"
| #define PACKAGE_BUGREPORT "souffle-talk@googlegroups.com"
| #define PACKAGE_URL ""
| #define STDC_HEADERS 1
| #define HAVE_SYS_TYPES_H 1
| #define HAVE_SYS_STAT_H 1
| #define HAVE_STDLIB_H 1
| #define HAVE_STRING_H 1
| #define HAVE_MEMORY_H 1
| #define HAVE_STRINGS_H 1
| #define HAVE_INTTYPES_H 1
| #define HAVE_STDINT_H 1
| #define HAVE_UNISTD_H 1
| #define HAVE_DLFCN_H 1
| #define LT_OBJDIR ".libs/"
| #define PACKAGE "souffle"
| #define VERSION "1.7.1-857-g206aae9f"
| #define HAVE_NCURSES_H 1
| #define HAVE_CXX17 1
| #define HAVE_LIBZ 1
| #define HAVE_LIBSQLITE3 1
| #define HAVE_LIBPTHREAD 1
| #define HAVE_LIBDL 1
| /* end confdefs.h.  */
| #include <stdio.h>
| #ifdef HAVE_SYS_TYPES_H
| # include <sys/types.h>
| #endif
| #ifdef HAVE_SYS_STAT_H
| # include <sys/stat.h>
| #endif
| #ifdef STDC_HEADERS
| # include <stdlib.h>
| # include <stddef.h>
| #else
| # ifdef HAVE_STDLIB_H
| #  include <stdlib.h>
| # endif
| #endif
| #ifdef HAVE_STRING_H
| # if !defined STDC_HEADERS && defined HAVE_MEMORY_H
| #  include <memory.h>
| # endif
| # include <string.h>
| #endif
| #ifdef HAVE_STRINGS_H
| # include <strings.h>
| #endif
| #ifdef HAVE_INTTYPES_H
| # include <inttypes.h>
| #endif
| #ifdef HAVE_STDINT_H
| # include <stdint.h>
| #endif
| #ifdef HAVE_UNISTD_H
| # include <unistd.h>
| #endif
| int
| main ()
| {
| if (sizeof ((size_t)))
| 	    return 0;
|   ;
|   return 0;
| }
configure:20973: result: yes
configure:20986: checking for working alloca.h
configure:21003: g++ -std=c++17 -o conftest  -Wall  -DUSE_NCURSES  -O3 -DUSE_LIBZ  -DUSE_SQLITE  -fopenmp    conftest.cpp -ldl -lpthread -lsqlite3 -lz -lncurses >&5
configure:21003: $? = 0
configure:21011: result: yes
configure:21019: checking for alloca
configure:21056: g++ -std=c++17 -o conftest  -Wall  -DUSE_NCURSES  -O3 -DUSE_LIBZ  -DUSE_SQLITE  -fopenmp    conftest.cpp -ldl -lpthread -lsqlite3 -lz -lncurses >&5
configure:21056: $? = 0
configure:21064: result: yes
configure:21173: checking arpa/inet.h usability
configure:21173: g++ -std=c++17 -c  -Wall  -DUSE_NCURSES  -O3 -DUSE_LIBZ  -DUSE_SQLITE  -fopenmp   conftest.cpp >&5
configure:21173: $? = 0
configure:21173: result: yes
configure:21173: checking arpa/inet.h presence
configure:21173: g++ -E -std=c++17  conftest.cpp
configure:21173: $? = 0
configure:21173: result: yes
configure:21173: checking for arpa/inet.h
configure:21173: result: yes
configure:21173: checking fcntl.h usability
configure:21173: g++ -std=c++17 -c  -Wall  -DUSE_NCURSES  -O3 -DUSE_LIBZ  -DUSE_SQLITE  -fopenmp   conftest.cpp >&5
configure:21173: $? = 0
configure:21173: result: yes
configure:21173: checking fcntl.h presence
configure:21173: g++ -E -std=c++17  conftest.cpp
configure:21173: $? = 0
configure:21173: result: yes
configure:21173: checking for fcntl.h
configure:21173: result: yes
configure:21173: checking float.h usability
configure:21173: g++ -std=c++17 -c  -Wall  -DUSE_NCURSES  -O3 -DUSE_LIBZ  -DUSE_SQLITE  -fopenmp   conftest.cpp >&5
configure:21173: $? = 0
configure:21173: result: yes
configure:21173: checking float.h presence
configure:21173: g++ -E -std=c++17  conftest.cpp
configure:21173: $? = 0
configure:21173: result: yes
configure:21173: checking for float.h
configure:21173: result: yes
configure:21173: checking for inttypes.h
configure:21173: result: yes
configure:21173: checking libintl.h usability
configure:21173: g++ -std=c++17 -c  -Wall  -DUSE_NCURSES  -O3 -DUSE_LIBZ  -DUSE_SQLITE  -fopenmp   conftest.cpp >&5
configure:21173: $? = 0
configure:21173: result: yes
configure:21173: checking libintl.h presence
configure:21173: g++ -E -std=c++17  conftest.cpp
configure:21173: $? = 0
configure:21173: result: yes
configure:21173: checking for libintl.h
configure:21173: result: yes
configure:21173: checking limits.h usability
configure:21173: g++ -std=c++17 -c  -Wall  -DUSE_NCURSES  -O3 -DUSE_LIBZ  -DUSE_SQLITE  -fopenmp   conftest.cpp >&5
configure:21173: $? = 0
configure:21173: result: yes
configure:21173: checking limits.h presence
configure:21173: g++ -E -std=c++17  conftest.cpp
configure:21173: $? = 0
configure:21173: result: yes
configure:21173: checking for limits.h
configure:21173: result: yes
configure:21173: checking malloc.h usability
configure:21173: g++ -std=c++17 -c  -Wall  -DUSE_NCURSES  -O3 -DUSE_LIBZ  -DUSE_SQLITE  -fopenmp   conftest.cpp >&5
configure:21173: $? = 0
configure:21173: result: yes
configure:21173: checking malloc.h presence
configure:21173: g++ -E -std=c++17  conftest.cpp
configure:21173: $? = 0
configure:21173: result: yes
configure:21173: checking for malloc.h
configure:21173: result: yes
configure:21173: checking for memory.h
configure:21173: result: yes
configure:21173: checking netdb.h usability
configure:21173: g++ -std=c++17 -c  -Wall  -DUSE_NCURSES  -O3 -DUSE_LIBZ  -DUSE_SQLITE  -fopenmp   conftest.cpp >&5
configure:21173: $? = 0
configure:21173: result: yes
configure:21173: checking netdb.h presence
configure:21173: g++ -E -std=c++17  conftest.cpp
configure:21173: $? = 0
configure:21173: result: yes
configure:21173: checking for netdb.h
configure:21173: result: yes
configure:21173: checking stddef.h usability
configure:21173: g++ -std=c++17 -c  -Wall  -DUSE_NCURSES  -O3 -DUSE_LIBZ  -DUSE_SQLITE  -fopenmp   conftest.cpp >&5
configure:21173: $? = 0
configure:21173: result: yes
configure:21173: checking stddef.h presence
configure:21173: g++ -E -std=c++17  conftest.cpp
configure:21173: $? = 0
configure:21173: result: yes
configure:21173: checking for stddef.h
configure:21173: result: yes
configure:21173: checking for stdint.h
configure:21173: result: yes
configure:21173: checking for stdlib.h
configure:21173: result: yes
configure:21173: checking for string.h
configure:21173: result: yes
configure:21173: checking for strings.h
configure:21173: result: yes
configure:21173: checking sys/time.h usability
configure:21173: g++ -std=c++17 -c  -Wall  -DUSE_NCURSES  -O3 -DUSE_LIBZ  -DUSE_SQLITE  -fopenmp   conftest.cpp >&5
configure:21173: $? = 0
configure:21173: result: yes
configure:21173: checking sys/time.h presence
configure:21173: g++ -E -std=c++17  conftest.cpp
configure:21173: $? = 0
configure:21173: result: yes
configure:21173: checking for sys/time.h
configure:21173: result: yes
configure:21173: checking sys/timeb.h usability
configure:21173: g++ -std=c++17 -c  -Wall  -DUSE_NCURSES  -O3 -DUSE_LIBZ  -DUSE_SQLITE  -fopenmp   conftest.cpp >&5
configure:21173: $? = 0
configure:21173: result: yes
configure:21173: checking sys/timeb.h presence
configure:21173: g++ -E -std=c++17  conftest.cpp
configure:21173: $? = 0
configure:21173: result: yes
configure:21173: checking for sys/timeb.h
configure:21173: result: yes
configure:21173: checking for unistd.h
configure:21173: result: yes
configure:21173: checking wchar.h usability
configure:21173: g++ -std=c++17 -c  -Wall  -DUSE_NCURSES  -O3 -DUSE_LIBZ  -DUSE_SQLITE  -fopenmp   conftest.cpp >&5
configure:21173: $? = 0
configure:21173: result: yes
configure:21173: checking wchar.h presence
configure:21173: g++ -E -std=c++17  conftest.cpp
configure:21173: $? = 0
configure:21173: result: yes
configure:21173: checking for wchar.h
configure:21173: result: yes
configure:21173: checking wctype.h usability
configure:21173: g++ -std=c++17 -c  -Wall  -DUSE_NCURSES  -O3 -DUSE_LIBZ  -DUSE_SQLITE  -fopenmp   conftest.cpp >&5
configure:21173: $? = 0
configure:21173: result: yes
configure:21173: checking wctype.h presence
configure:21173: g++ -E -std=c++17  conftest.cpp
configure:21173: $? = 0
configure:21173: result: yes
configure:21173: checking for wctype.h
configure:21173: result: yes
configure:21301: checking that generated files are newer than configure
configure:21307: result: done
configure:21422: creating ./config.status

## ---------------------- ##
## Running config.status. ##
## ---------------------- ##

This file was extended by souffle config.status 1.7.1-857-g206aae9f, which was
generated by GNU Autoconf 2.69.  Invocation command line was

  CONFIG_FILES    = 
  CONFIG_HEADERS  = 
  CONFIG_LINKS    = 
  CONFIG_COMMANDS = 
  $ ./config.status 

on siddhant-G3-3579

config.status:1348: creating Makefile
config.status:1348: creating src/Makefile
config.status:1348: creating tests/Makefile
config.status:1348: creating tests/atlocal
config.status:1348: creating tests/interface/functors/Makefile
config.status:1348: creating src/souffle-compile
config.status:1348: creating src/souffle-config
config.status:1348: creating debian/changelog
config.status:1348: creating man/souffle.1
config.status:1348: creating man/souffle-compile.1
config.status:1348: creating man/souffle-config.1
config.status:1348: creating man/souffle-profile.1
config.status:1348: creating config.h
config.status:1529: config.h is unchanged
config.status:1589: linking src/BinaryConstraintOps.h to include/souffle/BinaryConstraintOps.h
config.status:1589: linking src/BTree.h to include/souffle/BTree.h
config.status:1589: linking src/CompiledIndexUtils.h to include/souffle/CompiledIndexUtils.h
config.status:1589: linking src/CompiledOptions.h to include/souffle/CompiledOptions.h
config.status:1589: linking src/RecordTable.h to include/souffle/RecordTable.h
config.status:1589: linking src/CompiledSouffle.h to include/souffle/CompiledSouffle.h
config.status:1589: linking src/CompiledTuple.h to include/souffle/CompiledTuple.h
config.status:1589: linking src/EventProcessor.h to include/souffle/EventProcessor.h
config.status:1589: linking src/Explain.h to include/souffle/Explain.h
config.status:1589: linking src/ExplainProvenance.h to include/souffle/ExplainProvenance.h
config.status:1589: linking src/ExplainProvenanceImpl.h to include/souffle/ExplainProvenanceImpl.h
config.status:1589: linking src/ExplainTree.h to include/souffle/ExplainTree.h
config.status:1589: linking src/EquivalenceRelation.h to include/souffle/EquivalenceRelation.h
config.status:1589: linking src/IODirectives.h to include/souffle/IODirectives.h
config.status:1589: linking src/IOSystem.h to include/souffle/IOSystem.h
config.status:1589: linking src/IterUtils.h to include/souffle/IterUtils.h
config.status:1589: linking src/LambdaBTree.h to include/souffle/LambdaBTree.h
config.status:1589: linking src/Logger.h to include/souffle/Logger.h
config.status:1589: linking src/ParallelUtils.h to include/souffle/ParallelUtils.h
config.status:1589: linking src/PiggyList.h to include/souffle/PiggyList.h
config.status:1589: linking src/ProfileDatabase.h to include/souffle/ProfileDatabase.h
config.status:1589: linking src/ProfileEvent.h to include/souffle/ProfileEvent.h
config.status:1589: linking src/RamTypes.h to include/souffle/RamTypes.h
config.status:1589: linking src/ReadStream.h to include/souffle/ReadStream.h
config.status:1589: linking src/ReadStreamCSV.h to include/souffle/ReadStreamCSV.h
config.status:1589: linking src/ReadStreamSQLite.h to include/souffle/ReadStreamSQLite.h
config.status:1589: linking src/SignalHandler.h to include/souffle/SignalHandler.h
config.status:1589: linking src/SouffleInterface.h to include/souffle/SouffleInterface.h
config.status:1589: linking src/SymbolTable.h to include/souffle/SymbolTable.h
config.status:1589: linking src/Table.h to include/souffle/Table.h
config.status:1589: linking src/Brie.h to include/souffle/Brie.h
config.status:1589: linking src/UnionFind.h to include/souffle/UnionFind.h
config.status:1589: linking src/Util.h to include/souffle/Util.h
config.status:1589: linking src/WriteStream.h to include/souffle/WriteStream.h
config.status:1589: linking src/WriteStreamCSV.h to include/souffle/WriteStreamCSV.h
config.status:1589: linking src/WriteStreamSQLite.h to include/souffle/WriteStreamSQLite.h
config.status:1589: linking src/gzfstream.h to include/souffle/gzfstream.h
config.status:1589: linking src/json11.h to include/souffle/json11.h
config.status:1589: linking src/profile/Cell.h to include/souffle/profile/Cell.h
config.status:1589: linking src/profile/CellInterface.h to include/souffle/profile/CellInterface.h
config.status:1589: linking src/profile/Cli.h to include/souffle/profile/Cli.h
config.status:1589: linking src/profile/DataComparator.h to include/souffle/profile/DataComparator.h
config.status:1589: linking src/profile/Iteration.h to include/souffle/profile/Iteration.h
config.status:1589: linking src/profile/OutputProcessor.h to include/souffle/profile/OutputProcessor.h
config.status:1589: linking src/profile/ProgramRun.h to include/souffle/profile/ProgramRun.h
config.status:1589: linking src/profile/Reader.h to include/souffle/profile/Reader.h
config.status:1589: linking src/profile/Relation.h to include/souffle/profile/Relation.h
config.status:1589: linking src/profile/Row.h to include/souffle/profile/Row.h
config.status:1589: linking src/profile/Rule.h to include/souffle/profile/Rule.h
config.status:1589: linking src/profile/StringUtils.h to include/souffle/profile/StringUtils.h
config.status:1589: linking src/profile/Table.h to include/souffle/profile/Table.h
config.status:1589: linking src/profile/Tui.h to include/souffle/profile/Tui.h
config.status:1589: linking src/profile/UserInputReader.h to include/souffle/profile/UserInputReader.h
config.status:1589: linking src/profile/HtmlGenerator.h to include/souffle/profile/HtmlGenerator.h
config.status:1589: linking src/profile/htmlCssChartist.h to include/souffle/profile/htmlCssChartist.h
config.status:1589: linking src/profile/htmlJsChartistMin.h to include/souffle/profile/htmlJsChartistMin.h
config.status:1589: linking src/profile/htmlJsMain.h to include/souffle/profile/htmlJsMain.h
config.status:1589: linking src/profile/htmlJsUtil.h to include/souffle/profile/htmlJsUtil.h
config.status:1589: linking src/profile/htmlCssStyle.h to include/souffle/profile/htmlCssStyle.h
config.status:1589: linking src/profile/htmlJsChartistPlugin.h to include/souffle/profile/htmlJsChartistPlugin.h
config.status:1589: linking src/profile/htmlJsTableSort.h to include/souffle/profile/htmlJsTableSort.h
config.status:1589: linking src/profile/htmlMain.h to include/souffle/profile/htmlMain.h
config.status:1589: linking src/swig/SwigInterface.h to include/souffle/swig/SwigInterface.h
config.status:1589: linking src/swig/SwigInterface.cpp to include/souffle/swig/SwigInterface.cpp
config.status:1589: linking src/swig/SwigInterface.i to include/souffle/swig/SwigInterface.i
config.status:1589: linking debian/souffle.bash-completion to utilities/bash-completion/completions/souffle
config.status:1608: executing libtool commands
config.status:1608: executing depfiles commands
config.status:1608: executing tests/atconfig commands
config.status:1608: executing default commands

## ---------------- ##
## Cache variables. ##
## ---------------- ##

ac_cv_build=x86_64-pc-linux-gnu
ac_cv_c_compiler_gnu=yes
ac_cv_cxx_compiler_gnu=yes
ac_cv_env_CCC_set=
ac_cv_env_CCC_value=
ac_cv_env_CC_set=
ac_cv_env_CC_value=
ac_cv_env_CFLAGS_set=
ac_cv_env_CFLAGS_value=
ac_cv_env_CPPFLAGS_set=
ac_cv_env_CPPFLAGS_value=
ac_cv_env_CPP_set=
ac_cv_env_CPP_value=
ac_cv_env_CXXCPP_set=
ac_cv_env_CXXCPP_value=
ac_cv_env_CXXFLAGS_set=
ac_cv_env_CXXFLAGS_value=
ac_cv_env_CXX_set=
ac_cv_env_CXX_value=
ac_cv_env_DOXYGEN_PAPER_SIZE_set=
ac_cv_env_DOXYGEN_PAPER_SIZE_value=
ac_cv_env_FFI_CFLAGS_set=
ac_cv_env_FFI_CFLAGS_value=
ac_cv_env_FFI_LIBS_set=
ac_cv_env_FFI_LIBS_value=
ac_cv_env_LDFLAGS_set=
ac_cv_env_LDFLAGS_value=
ac_cv_env_LIBS_set=
ac_cv_env_LIBS_value=
ac_cv_env_LT_SYS_LIBRARY_PATH_set=
ac_cv_env_LT_SYS_LIBRARY_PATH_value=
ac_cv_env_PKG_CONFIG_LIBDIR_set=
ac_cv_env_PKG_CONFIG_LIBDIR_value=
ac_cv_env_PKG_CONFIG_PATH_set=
ac_cv_env_PKG_CONFIG_PATH_value=
ac_cv_env_PKG_CONFIG_set=
ac_cv_env_PKG_CONFIG_value=
ac_cv_env_build_alias_set=
ac_cv_env_build_alias_value=
ac_cv_env_host_alias_set=
ac_cv_env_host_alias_value=
ac_cv_env_target_alias_set=
ac_cv_env_target_alias_value=
ac_cv_func_alloca_works=yes
ac_cv_func_dlopen=no
ac_cv_func_shl_load=no
ac_cv_header_arpa_inet_h=yes
ac_cv_header_dlfcn_h=yes
ac_cv_header_fcntl_h=yes
ac_cv_header_float_h=yes
ac_cv_header_inttypes_h=yes
ac_cv_header_libintl_h=yes
ac_cv_header_limits_h=yes
ac_cv_header_malloc_h=yes
ac_cv_header_memory_h=yes
ac_cv_header_netdb_h=yes
ac_cv_header_sqlite3_h=yes
ac_cv_header_stdc=yes
ac_cv_header_stddef_h=yes
ac_cv_header_stdint_h=yes
ac_cv_header_stdlib_h=yes
ac_cv_header_string_h=yes
ac_cv_header_strings_h=yes
ac_cv_header_sys_stat_h=yes
ac_cv_header_sys_time_h=yes
ac_cv_header_sys_timeb_h=yes
ac_cv_header_sys_types_h=yes
ac_cv_header_unistd_h=yes
ac_cv_header_wchar_h=yes
ac_cv_header_wctype_h=yes
ac_cv_header_zlib_h=yes
ac_cv_host=x86_64-pc-linux-gnu
ac_cv_lib_dl_dlopen=yes
ac_cv_lib_dld_shl_load=no
ac_cv_lib_pthread_pthread_create=yes
ac_cv_lib_sqlite3_sqlite3_open=yes
ac_cv_lib_z_compress=yes
ac_cv_objext=o
ac_cv_path_EGREP='/bin/grep -E'
ac_cv_path_FGREP='/bin/grep -F'
ac_cv_path_GREP=/bin/grep
ac_cv_path_SED=/bin/sed
ac_cv_path_ac_pt_DX_PERL=/usr/bin/perl
ac_cv_path_ac_pt_PKG_CONFIG=/usr/bin/pkg-config
ac_cv_path_install='/usr/bin/install -c'
ac_cv_path_lt_DD=/bin/dd
ac_cv_path_mkdir=/bin/mkdir
ac_cv_prog_AWK=mawk
ac_cv_prog_BISON=bison
ac_cv_prog_CPP='gcc -E'
ac_cv_prog_CXXCPP='g++ -E'
ac_cv_prog_FLEX=flex
ac_cv_prog_MCPP=mcpp
ac_cv_prog_ac_ct_AR=ar
ac_cv_prog_ac_ct_CC=gcc
ac_cv_prog_ac_ct_CXX=g++
ac_cv_prog_ac_ct_MANIFEST_TOOL=mt
ac_cv_prog_ac_ct_OBJDUMP=objdump
ac_cv_prog_ac_ct_RANLIB=ranlib
ac_cv_prog_ac_ct_STRIP=strip
ac_cv_prog_cc_c89=
ac_cv_prog_cc_g=yes
ac_cv_prog_cxx_g=yes
ac_cv_prog_cxx_openmp=-fopenmp
ac_cv_prog_make_make_set=yes
ac_cv_target=x86_64-pc-linux-gnu
ac_cv_type_size_t=yes
ac_cv_working_alloca_h=yes
am_cv_CC_dependencies_compiler_type=gcc3
am_cv_CXX_dependencies_compiler_type=gcc3
am_cv_make_support_nested_variables=yes
am_cv_prog_cc_c_o=yes
am_cv_prog_tar_pax=gnutar
ax_cv_curses=yes
ax_cv_cxx_compile_cxx17__std_cpp17=yes
ax_cv_ncurses=yes
ax_cv_ncursesw=no
lt_cv_ar_at_file=@
lt_cv_archive_cmds_need_lc=no
lt_cv_deplibs_check_method=pass_all
lt_cv_dlopen=dlopen
lt_cv_dlopen_libs=-ldl
lt_cv_dlopen_self=yes
lt_cv_dlopen_self_static=no
lt_cv_file_magic_cmd='$MAGIC_CMD'
lt_cv_file_magic_test_file=
lt_cv_ld_reload_flag=-r
lt_cv_nm_interface='BSD nm'
lt_cv_objdir=.libs
lt_cv_path_LD=/usr/bin/ld
lt_cv_path_LDCXX='/usr/bin/ld -m elf_x86_64'
lt_cv_path_NM='/usr/bin/nm -B'
lt_cv_path_mainfest_tool=no
lt_cv_prog_compiler_c_o=yes
lt_cv_prog_compiler_c_o_CXX=yes
lt_cv_prog_compiler_pic='-fPIC -DPIC'
lt_cv_prog_compiler_pic_CXX='-fPIC -DPIC'
lt_cv_prog_compiler_pic_works=yes
lt_cv_prog_compiler_pic_works_CXX=yes
lt_cv_prog_compiler_rtti_exceptions=no
lt_cv_prog_compiler_static_works=yes
lt_cv_prog_compiler_static_works_CXX=yes
lt_cv_prog_gnu_ld=yes
lt_cv_prog_gnu_ldcxx=yes
lt_cv_sharedlib_from_linklib_cmd='printf %s\n'
lt_cv_shlibpath_overrides_runpath=yes
lt_cv_sys_global_symbol_pipe='sed -n -e '\''s/^.*[	 ]\([ABCDGIRSTW][ABCDGIRSTW]*\)[	 ][	 ]*\([_A-Za-z][_A-Za-z0-9]*\)$/\1 \2 \2/p'\'' | sed '\''/ __gnu_lto/d'\'''
lt_cv_sys_global_symbol_to_c_name_address='sed -n -e '\''s/^: \(.*\) .*$/  {"\1", (void *) 0},/p'\'' -e '\''s/^[ABCDGIRSTW][ABCDGIRSTW]* .* \(.*\)$/  {"\1", (void *) \&\1},/p'\'''
lt_cv_sys_global_symbol_to_c_name_address_lib_prefix='sed -n -e '\''s/^: \(.*\) .*$/  {"\1", (void *) 0},/p'\'' -e '\''s/^[ABCDGIRSTW][ABCDGIRSTW]* .* \(lib.*\)$/  {"\1", (void *) \&\1},/p'\'' -e '\''s/^[ABCDGIRSTW][ABCDGIRSTW]* .* \(.*\)$/  {"lib\1", (void *) \&\1},/p'\'''
lt_cv_sys_global_symbol_to_cdecl='sed -n -e '\''s/^T .* \(.*\)$/extern int \1();/p'\'' -e '\''s/^[ABCDGIRSTW][ABCDGIRSTW]* .* \(.*\)$/extern char \1;/p'\'''
lt_cv_sys_global_symbol_to_import=
lt_cv_sys_max_cmd_len=1572864
lt_cv_to_host_file_cmd=func_convert_file_noop
lt_cv_to_tool_file_cmd=func_convert_file_noop
lt_cv_truncate_bin='/bin/dd bs=4096 count=1'
pkg_cv_FFI_CFLAGS=
pkg_cv_FFI_LIBS=-lffi

## ----------------- ##
## Output variables. ##
## ----------------- ##

ACLOCAL='${SHELL} /home/siddhant/Desktop/Souffle/souffle-adt/missing aclocal-1.15'
ALLOCA=''
AMDEPBACKSLASH='\'
AMDEP_FALSE='#'
AMDEP_TRUE=''
AMTAR='$${TAR-tar}'
AM_BACKSLASH='\'
AM_DEFAULT_V='$(AM_DEFAULT_VERBOSITY)'
AM_DEFAULT_VERBOSITY='1'
AM_V='$(V)'
AR='ar'
AUTOCONF='${SHELL} /home/siddhant/Desktop/Souffle/souffle-adt/missing autoconf'
AUTOHEADER='${SHELL} /home/siddhant/Desktop/Souffle/souffle-adt/missing autoheader'
AUTOM4TE='${SHELL} /home/siddhant/Desktop/Souffle/souffle-adt/missing autom4te'
AUTOMAKE='${SHELL} /home/siddhant/Desktop/Souffle/souffle-adt/missing automake-1.15'
AWK='mawk'
BISON='bison'
BISON_VERSION='3.0.4'
BSD_PACKAGE_FALSE=''
BSD_PACKAGE_TRUE='#'
CC='gcc'
CCDEPMODE='depmode=gcc3'
CFLAGS='-g -O2'
CPP='gcc -E'
CPPFLAGS=''
CXX='g++ -std=c++17'
CXXCPP='g++ -E -std=c++17'
CXXDEPMODE='depmode=gcc3'
CXXFLAGS=' -Wall  -DUSE_NCURSES  -O3 -DUSE_LIBZ  -DUSE_SQLITE  -fopenmp  '
CYGPATH_W='echo'
DEBIAN_PACKAGE_FALSE=''
DEBIAN_PACKAGE_TRUE='#'
DEBUILD=''
DEFS='-DHAVE_CONFIG_H'
DEPDIR='.deps'
DLLTOOL='false'
DOXYGEN_PAPER_SIZE=''
DSYMUTIL=''
DUMPBIN=''
DX_COND_chi_FALSE=''
DX_COND_chi_TRUE='#'
DX_COND_chm_FALSE=''
DX_COND_chm_TRUE='#'
DX_COND_doc_FALSE=''
DX_COND_doc_TRUE='#'
DX_COND_dot_FALSE=''
DX_COND_dot_TRUE='#'
DX_COND_html_FALSE=''
DX_COND_html_TRUE='#'
DX_COND_latex_FALSE=''
DX_COND_latex_TRUE='#'
DX_COND_man_FALSE=''
DX_COND_man_TRUE='#'
DX_COND_pdf_FALSE=''
DX_COND_pdf_TRUE='#'
DX_COND_ps_FALSE=''
DX_COND_ps_TRUE='#'
DX_COND_rtf_FALSE=''
DX_COND_rtf_TRUE='#'
DX_COND_xml_FALSE=''
DX_COND_xml_TRUE='#'
DX_CONFIG='doxygen.cfg'
DX_DOCDIR='doc'
DX_DOT=''
DX_DOXYGEN=''
DX_DVIPS=''
DX_EGREP=''
DX_ENV=' SRCDIR='\''.'\'' PROJECT='\''souffle'\'' DOCDIR='\''doc'\'' VERSION='\''1.7.1-857-g206aae9f'\'' HAVE_DOT='\''NO'\'' GENERATE_MAN='\''NO'\'' GENERATE_RTF='\''NO'\'' GENERATE_XML='\''NO'\'' GENERATE_HTMLHELP='\''NO'\'' GENERATE_CHI='\''NO'\'' GENERATE_HTML='\''NO'\'' GENERATE_LATEX='\''NO'\'''
DX_FLAG_chi='0'
DX_FLAG_chm='0'
DX_FLAG_doc='0'
DX_FLAG_dot='0'
DX_FLAG_html='0'
DX_FLAG_man='0'
DX_FLAG_pdf='0'
DX_FLAG_ps='0'
DX_FLAG_rtf='0'
DX_FLAG_xml='0'
DX_HHC=''
DX_LATEX=''
DX_MAKEINDEX=''
DX_PDFLATEX=''
DX_PERL='/usr/bin/perl'
DX_PROJECT='souffle'
ECHO_C=''
ECHO_N='-n'
ECHO_T=''
EGREP='/bin/grep -E'
EXEEXT=''
FFI_CFLAGS=''
FFI_LIBS='-lffi'
FGREP='/bin/grep -F'
FLEX='flex'
GREP='/bin/grep'
HAVE_CXX17='1'
INSTALL_DATA='${INSTALL} -m 644'
INSTALL_PROGRAM='${INSTALL}'
INSTALL_SCRIPT='${INSTALL}'
INSTALL_STRIP_PROGRAM='$(install_sh) -c -s'
ISODATE='2020-07-05'
JAVAC=''
LD='/usr/bin/ld -m elf_x86_64'
LDFLAGS=''
LIBOBJS=''
LIBS='-ldl -lpthread -lsqlite3 -lz -lncurses'
LIBTOOL='$(SHELL) $(top_builddir)/libtool'
LIBZ_FALSE='#'
LIBZ_TRUE=''
LIPO=''
LN_S='ln -s'
LSB_RELEASE=''
LTLIBOBJS=''
LT_SYS_LIBRARY_PATH=''
MAINT='#'
MAINTAINER_MODE_FALSE=''
MAINTAINER_MODE_TRUE='#'
MAKEINFO='${SHELL} /home/siddhant/Desktop/Souffle/souffle-adt/missing makeinfo'
MANIFEST_TOOL=':'
MCPP='mcpp'
MKDIR_P='/bin/mkdir -p'
NCURSES_FALSE='#'
NCURSES_TRUE=''
NM='/usr/bin/nm -B'
NMEDIT=''
OBJDUMP='objdump'
OBJEXT='o'
OPENMP_CXXFLAGS='-fopenmp'
OSX_PACKAGE_FALSE=''
OSX_PACKAGE_TRUE='#'
OTOOL64=''
OTOOL=''
PACKAGE='souffle'
PACKAGE_BUGREPORT='souffle-talk@googlegroups.com'
PACKAGE_NAME='souffle'
PACKAGE_STRING='souffle 1.7.1-857-g206aae9f'
PACKAGE_TARNAME='souffle'
PACKAGE_URL=''
PACKAGE_VERSION='1.7.1-857-g206aae9f'
PATH_SEPARATOR=':'
PKGBUILD=''
PKG_CONFIG='/usr/bin/pkg-config'
PKG_CONFIG_LIBDIR=''
PKG_CONFIG_PATH=''
PYTHON3=''
RANLIB='ranlib'
SED='/bin/sed'
SET_MAKE=''
SHELL='/bin/bash'
SOUFFLE_CXXFLAGS=' -Wall  -DUSE_NCURSES  -O3 -DUSE_LIBZ  -DUSE_SQLITE  -fopenmp '
SQLITE_FALSE='#'
SQLITE_TRUE=''
STRIP='strip'
SWIG=''
SWIG_FALSE=''
SWIG_TRUE='#'
VERSION='1.7.1-857-g206aae9f'
ac_ct_AR='ar'
ac_ct_CC='gcc'
ac_ct_CXX='g++'
ac_ct_DUMPBIN=''
am__EXEEXT_FALSE=''
am__EXEEXT_TRUE='#'
am__fastdepCC_FALSE='#'
am__fastdepCC_TRUE=''
am__fastdepCXX_FALSE='#'
am__fastdepCXX_TRUE=''
am__include='include'
am__isrc=''
am__leading_dot='.'
am__nodep='_no'
am__quote=''
am__tar='tar --format=posix -chf - "$$tardir"'
am__untar='tar -xf -'
bindir='${exec_prefix}/bin'
build='x86_64-pc-linux-gnu'
build_alias=''
build_cpu='x86_64'
build_os='linux-gnu'
build_vendor='pc'
datadir='${datarootdir}'
datarootdir='${prefix}/share'
docdir='${datarootdir}/doc/${PACKAGE_TARNAME}'
dvidir='${docdir}'
exec_prefix='${prefix}'
host='x86_64-pc-linux-gnu'
host_alias=''
host_cpu='x86_64'
host_os='linux-gnu'
host_vendor='pc'
htmldir='${docdir}'
includedir='${prefix}/include'
infodir='${datarootdir}/info'
install_sh='${SHELL} /home/siddhant/Desktop/Souffle/souffle-adt/install-sh'
libdir='${exec_prefix}/lib'
libexecdir='${exec_prefix}/libexec'
localedir='${datarootdir}/locale'
localstatedir='${prefix}/var'
mandir='${datarootdir}/man'
mkdir_p='$(MKDIR_P)'
oldincludedir='/usr/include'
pdfdir='${docdir}'
prefix='/usr/local'
program_transform_name='s,x,x,'
psdir='${docdir}'
runstatedir='${localstatedir}/run'
sbindir='${exec_prefix}/sbin'
sharedstatedir='${prefix}/com'
sysconfdir='${prefix}/etc'
target='x86_64-pc-linux-gnu'
target_alias=''
target_cpu='x86_64'
target_os='linux-gnu'
target_vendor='pc'

## ----------- ##
## confdefs.h. ##
## ----------- ##

/* confdefs.h */
#define PACKAGE_NAME "souffle"
#define PACKAGE_TARNAME "souffle"
#define PACKAGE_VERSION "1.7.1-857-g206aae9f"
#define PACKAGE_STRING "souffle 1.7.1-857-g206aae9f"
#define PACKAGE_BUGREPORT "souffle-talk@googlegroups.com"
#define PACKAGE_URL ""
#define STDC_HEADERS 1
#define HAVE_SYS_TYPES_H 1
#define HAVE_SYS_STAT_H 1
#define HAVE_STDLIB_H 1
#define HAVE_STRING_H 1
#define HAVE_MEMORY_H 1
#define HAVE_STRINGS_H 1
#define HAVE_INTTYPES_H 1
#define HAVE_STDINT_H 1
#define HAVE_UNISTD_H 1
#define HAVE_DLFCN_H 1
#define LT_OBJDIR ".libs/"
#define PACKAGE "souffle"
#define VERSION "1.7.1-857-g206aae9f"
#define HAVE_NCURSES_H 1
#define HAVE_CXX17 1
#define HAVE_LIBZ 1
#define HAVE_LIBSQLITE3 1
#define HAVE_LIBPTHREAD 1
#define HAVE_LIBDL 1
#define HAVE_ALLOCA_H 1
#define HAVE_ALLOCA 1
#define HAVE_ARPA_INET_H 1
#define HAVE_FCNTL_H 1
#define HAVE_FLOAT_H 1
#define HAVE_INTTYPES_H 1
#define HAVE_LIBINTL_H 1
#define HAVE_LIMITS_H 1
#define HAVE_MALLOC_H 1
#define HAVE_MEMORY_H 1
#define HAVE_NETDB_H 1
#define HAVE_STDDEF_H 1
#define HAVE_STDINT_H 1
#define HAVE_STDLIB_H 1
#define HAVE_STRING_H 1
#define HAVE_STRINGS_H 1
#define HAVE_SYS_TIME_H 1
#define HAVE_SYS_TIMEB_H 1
#define HAVE_UNISTD_H 1
#define HAVE_WCHAR_H 1
#define HAVE_WCTYPE_H 1

configure: exit 0
